ParseStarterProject/build/intermediates/manifest_merge_blame_file/debug/manifest-merger-blame-debug-report.txt
1<?xml version="1.0" encoding="utf-8"?>
2<manifest xmlns:android="http://schemas.android.com/apk/res/android"
3    package="com.parse.starter"
4    android:versionCode="1"
5    android:versionName="1.0" >
6
7    <uses-sdk
8        android:minSdkVersion="26"
8-->src\main\AndroidManifest.xml
9        android:targetSdkVersion="26" />
9-->src\main\AndroidManifest.xml
10
11    <uses-permission android:name="android.permission.INTERNET" />
11-->src\main\AndroidManifest.xml:5:5-67
11-->src\main\AndroidManifest.xml:5:22-64
12    <uses-permission android:name="android.permission.ACCESS_NETWORK_STATE" />
12-->src\main\AndroidManifest.xml:6:5-79
12-->src\main\AndroidManifest.xml:6:22-76
13    <uses-permission android:name="android.permission.READ_EXTERNAL_STORAGE" />
13-->src\main\AndroidManifest.xml:7:5-80
13-->src\main\AndroidManifest.xml:7:22-77
14    <uses-permission android:name="android.permission.ACCESS_FINE_LOCATION" />
14-->src\main\AndroidManifest.xml:8:5-79
14-->src\main\AndroidManifest.xml:8:22-76
15
16    <!-- Optional permission for Analytics to run. -->
17    <uses-permission android:name="android.permission.WAKE_LOCK" /> <!-- Permissions required for GCM -->
17-->[com.google.android.gms:play-services-analytics:9.4.0] AndroidManifest.xml:25:5-67
17-->[com.google.android.gms:play-services-analytics:9.4.0] AndroidManifest.xml:25:22-65
18    <uses-permission android:name="com.google.android.c2dm.permission.RECEIVE" />
18-->[com.google.android.gms:play-services-gcm:9.4.0] AndroidManifest.xml:21:5-82
18-->[com.google.android.gms:play-services-gcm:9.4.0] AndroidManifest.xml:21:22-79
19
20    <uses-feature
20-->[com.google.android.gms:play-services-maps:9.4.0] AndroidManifest.xml:22:5-24:33
21        android:glEsVersion="0x00020000"
21-->[com.google.android.gms:play-services-maps:9.4.0] AndroidManifest.xml:23:8-40
22        android:required="true" />
22-->[com.google.android.gms:play-services-maps:9.4.0] AndroidManifest.xml:24:8-31
23
24    <permission
24-->[com.google.firebase:firebase-iid:9.4.0] AndroidManifest.xml:25:5-26:47
25        android:name="com.parse.starter.permission.C2D_MESSAGE"
25-->[com.google.firebase:firebase-iid:9.4.0] AndroidManifest.xml:25:17-71
26        android:protectionLevel="signature" />
26-->[com.google.firebase:firebase-iid:9.4.0] AndroidManifest.xml:26:9-44
27
28    <uses-permission android:name="com.parse.starter.permission.C2D_MESSAGE" />
28-->[com.google.firebase:firebase-iid:9.4.0] AndroidManifest.xml:28:5-79
28-->[com.google.firebase:firebase-iid:9.4.0] AndroidManifest.xml:28:22-76
29
30    <application
30-->src\main\AndroidManifest.xml:10:5-79:19
31        android:name="com.parse.starter.StarterApplication"
31-->src\main\AndroidManifest.xml:11:9-43
32        android:allowBackup="true"
32-->src\main\AndroidManifest.xml:12:9-35
33        android:debuggable="true"
34        android:extractNativeLibs="false"
35        android:icon="@mipmap/check"
35-->src\main\AndroidManifest.xml:13:9-37
36        android:label="Innocent Friend"
36-->src\main\AndroidManifest.xml:14:9-40
37        android:theme="@style/AppTheme" >
37-->src\main\AndroidManifest.xml:15:9-40
38        <activity
38-->src\main\AndroidManifest.xml:16:9-18:59
39            android:name="com.parse.starter.PopupEventRequestActivity"
39-->src\main\AndroidManifest.xml:17:13-54
40            android:theme="@style/AppTheme.CustomTheme" />
40-->src\main\AndroidManifest.xml:18:13-56
41            />
42        <activity
42-->src\main\AndroidManifest.xml:20:9-21:64
43            android:name="com.parse.starter.AllEventsRequestsActivity"
43-->src\main\AndroidManifest.xml:20:19-60
44            android:parentActivityName="com.parse.starter.ShareEventsActivity" />
44-->src\main\AndroidManifest.xml:21:13-62
45        <activity
45-->src\main\AndroidManifest.xml:22:9-23:64
46            android:name="com.parse.starter.SendEventActivity"
46-->src\main\AndroidManifest.xml:22:19-52
47            android:parentActivityName="com.parse.starter.ShareEventsActivity" />
47-->src\main\AndroidManifest.xml:23:13-62
48        <activity
48-->src\main\AndroidManifest.xml:24:9-25:57
49            android:name="com.parse.starter.ShareEventsActivity"
49-->src\main\AndroidManifest.xml:24:19-54
50            android:parentActivityName="com.parse.starter.HomeActivity" />
50-->src\main\AndroidManifest.xml:25:13-55
51        <activity
51-->src\main\AndroidManifest.xml:26:9-28:59
52            android:name="com.parse.starter.PopupNoteView"
52-->src\main\AndroidManifest.xml:27:13-42
53            android:theme="@style/AppTheme.CustomTheme" />
53-->src\main\AndroidManifest.xml:28:13-56
54        <activity
54-->src\main\AndroidManifest.xml:29:9-30:57
55            android:name="com.parse.starter.NoteViewActivity"
55-->src\main\AndroidManifest.xml:29:19-51
56            android:parentActivityName="com.parse.starter.HomeActivity" />
56-->src\main\AndroidManifest.xml:30:13-55
57        <activity
57-->src\main\AndroidManifest.xml:31:9-33:59
58            android:name="com.parse.starter.RequestingAttendenceActivity"
58-->src\main\AndroidManifest.xml:32:13-57
59            android:theme="@style/AppTheme.CustomTheme" />
59-->src\main\AndroidManifest.xml:33:13-56
60        <activity
60-->src\main\AndroidManifest.xml:34:9-35:57
61            android:name="com.parse.starter.AttendenceActivity"
61-->src\main\AndroidManifest.xml:34:19-53
62            android:parentActivityName="com.parse.starter.HomeActivity" />
62-->src\main\AndroidManifest.xml:35:13-55
63        <activity
63-->src\main\AndroidManifest.xml:36:9-38:59
64            android:name="com.parse.starter.PopupEventView"
64-->src\main\AndroidManifest.xml:37:13-43
65            android:theme="@style/AppTheme.CustomTheme" />
65-->src\main\AndroidManifest.xml:38:13-56
66        <activity
66-->src\main\AndroidManifest.xml:39:9-40:63
67            android:name="com.parse.starter.EventEditorActivity"
67-->src\main\AndroidManifest.xml:39:19-54
68            android:parentActivityName="com.parse.starter.EditEventsActivity" />
68-->src\main\AndroidManifest.xml:40:13-61
69        <activity
69-->src\main\AndroidManifest.xml:41:9-43:59
70            android:name="com.parse.starter.PopupAttendenceActivity"
70-->src\main\AndroidManifest.xml:42:13-52
71            android:theme="@style/AppTheme.CustomTheme" />
71-->src\main\AndroidManifest.xml:43:13-56
72        <activity
72-->src\main\AndroidManifest.xml:44:9-45:57
73            android:name="com.parse.starter.EditEventsActivity"
73-->src\main\AndroidManifest.xml:44:19-53
74            android:parentActivityName="com.parse.starter.HomeActivity" />
74-->src\main\AndroidManifest.xml:45:13-55
75        <activity
75-->src\main\AndroidManifest.xml:46:9-47:57
76            android:name="com.parse.starter.SettingsActivity"
76-->src\main\AndroidManifest.xml:46:19-51
77            android:parentActivityName="com.parse.starter.HomeActivity" />
77-->src\main\AndroidManifest.xml:47:13-55
78        <activity android:name="com.parse.starter.HomeActivity" />
78-->src\main\AndroidManifest.xml:48:9-50
78-->src\main\AndroidManifest.xml:48:19-47
79        <activity
79-->src\main\AndroidManifest.xml:49:9-50:65
80            android:name="com.parse.starter.SelectSubjectActivity"
80-->src\main\AndroidManifest.xml:49:19-56
81            android:parentActivityName="com.parse.starter.GettingSlotsActivity" />
81-->src\main\AndroidManifest.xml:50:13-63
82        <activity
82-->src\main\AndroidManifest.xml:51:9-52:62
83            android:name="com.parse.starter.GettingSlotsActivity"
83-->src\main\AndroidManifest.xml:51:19-55
84            android:parentActivityName="com.parse.starter.TimeTableActivity" />
84-->src\main\AndroidManifest.xml:52:13-60
85        <activity
85-->src\main\AndroidManifest.xml:53:9-54:65
86            android:name="com.parse.starter.TimeTableActivity"
86-->src\main\AndroidManifest.xml:53:19-52
87            android:parentActivityName="com.parse.starter.SubjectsListActivity" />
87-->src\main\AndroidManifest.xml:54:13-63
88        <activity
88-->src\main\AndroidManifest.xml:55:9-56:59
89            android:name="com.parse.starter.NoteEditorActivity"
89-->src\main\AndroidManifest.xml:55:19-53
90            android:theme="@style/AppTheme.CustomTheme" />
90-->src\main\AndroidManifest.xml:56:13-56
91        />
92        <activity
92-->src\main\AndroidManifest.xml:58:9-59:57
93            android:name="com.parse.starter.SubjectsListActivity"
93-->src\main\AndroidManifest.xml:58:19-55
94            android:parentActivityName="com.parse.starter.HomeActivity" />
94-->src\main\AndroidManifest.xml:59:13-55
95        <activity
95-->src\main\AndroidManifest.xml:60:9-69:20
96            android:name="com.parse.starter.MainActivity"
96-->src\main\AndroidManifest.xml:61:13-41
97            android:label="@string/app_name"
97-->src\main\AndroidManifest.xml:63:13-45
98            android:theme="@style/AppTheme.NoTitle" >
98-->src\main\AndroidManifest.xml:62:13-52
99            <intent-filter>
99-->src\main\AndroidManifest.xml:64:13-68:29
100                <action android:name="android.intent.action.MAIN" />
100-->src\main\AndroidManifest.xml:65:17-69
100-->src\main\AndroidManifest.xml:65:25-66
101
102                <category android:name="android.intent.category.LAUNCHER" />
102-->src\main\AndroidManifest.xml:67:17-77
102-->src\main\AndroidManifest.xml:67:27-74
103            </intent-filter>
104        </activity>
105
106        <receiver
106-->src\main\AndroidManifest.xml:71:9-73:38
107            android:name="com.parse.starter.AlarmReceiver"
107-->src\main\AndroidManifest.xml:71:19-48
108            android:enabled="true"
108-->src\main\AndroidManifest.xml:72:13-35
109            android:exported="true" />
109-->src\main\AndroidManifest.xml:73:13-36
110        <receiver android:name="com.parse.starter.AlertReceiver" />
110-->src\main\AndroidManifest.xml:74:9-51
110-->src\main\AndroidManifest.xml:74:19-48
111        <receiver
111-->src\main\AndroidManifest.xml:75:9-78:39
112            android:name="com.parse.starter.TaskReceiver"
112-->src\main\AndroidManifest.xml:76:13-41
113            android:enabled="true"
113-->src\main\AndroidManifest.xml:77:13-35
114            android:exported="true" />
114-->src\main\AndroidManifest.xml:78:13-36
115
116        <meta-data
116-->[com.android.support:design:26.0.0] AndroidManifest.xml:26:9-28:38
117            android:name="android.support.VERSION"
117-->[com.android.support:design:26.0.0] AndroidManifest.xml:27:13-51
118            android:value="26.0.0" />
118-->[com.android.support:design:26.0.0] AndroidManifest.xml:28:13-35
119
120        <receiver android:name="com.google.android.gms.cast.framework.media.MediaIntentReceiver" />
120-->[com.google.android.gms:play-services-cast-framework:9.4.0] AndroidManifest.xml:6:9-100
120-->[com.google.android.gms:play-services-cast-framework:9.4.0] AndroidManifest.xml:6:19-97
121
122        <service android:name="com.google.android.gms.cast.framework.media.MediaNotificationService" />
122-->[com.google.android.gms:play-services-cast-framework:9.4.0] AndroidManifest.xml:7:9-104
122-->[com.google.android.gms:play-services-cast-framework:9.4.0] AndroidManifest.xml:7:18-101
123        <service android:name="com.google.android.gms.cast.framework.ReconnectionService" /> <!-- Include the AdActivity and InAppPurchaseActivity configChanges and themes. -->
123-->[com.google.android.gms:play-services-cast-framework:9.4.0] AndroidManifest.xml:8:9-92
123-->[com.google.android.gms:play-services-cast-framework:9.4.0] AndroidManifest.xml:8:18-90
124        <activity
124-->[com.google.android.gms:play-services-ads-lite:9.4.0] AndroidManifest.xml:26:9-29:64
125            android:name="com.google.android.gms.ads.AdActivity"
125-->[com.google.android.gms:play-services-ads-lite:9.4.0] AndroidManifest.xml:27:13-65
126            android:configChanges="keyboard|keyboardHidden|orientation|screenLayout|uiMode|screenSize|smallestScreenSize"
126-->[com.google.android.gms:play-services-ads-lite:9.4.0] AndroidManifest.xml:28:13-122
127            android:theme="@android:style/Theme.Translucent" />
127-->[com.google.android.gms:play-services-ads-lite:9.4.0] AndroidManifest.xml:29:13-61
128        <activity
128-->[com.google.android.gms:play-services-ads-lite:9.4.0] AndroidManifest.xml:30:9-31:52
129            android:name="com.google.android.gms.ads.purchase.InAppPurchaseActivity"
129-->[com.google.android.gms:play-services-ads-lite:9.4.0] AndroidManifest.xml:30:19-91
130            android:theme="@style/Theme.IAPTheme" />
130-->[com.google.android.gms:play-services-ads-lite:9.4.0] AndroidManifest.xml:31:13-50
131        <activity
131-->[com.google.android.gms:play-services-appinvite:9.4.0] AndroidManifest.xml:21:9-29:20
132            android:name="com.google.android.gms.appinvite.PreviewActivity"
132-->[com.google.android.gms:play-services-appinvite:9.4.0] AndroidManifest.xml:22:17-48
133            android:exported="true"
133-->[com.google.android.gms:play-services-appinvite:9.4.0] AndroidManifest.xml:23:17-40
134            android:theme="@style/Theme.AppInvite.Preview" >
134-->[com.google.android.gms:play-services-appinvite:9.4.0] AndroidManifest.xml:24:17-63
135            <intent-filter>
135-->[com.google.android.gms:play-services-appinvite:9.4.0] AndroidManifest.xml:25:13-28:29
136                <action android:name="com.google.android.gms.appinvite.ACTION_PREVIEW" />
136-->[com.google.android.gms:play-services-appinvite:9.4.0] AndroidManifest.xml:26:17-89
136-->[com.google.android.gms:play-services-appinvite:9.4.0] AndroidManifest.xml:26:25-87
137
138                <category android:name="android.intent.category.DEFAULT" />
138-->[com.google.android.gms:play-services-appinvite:9.4.0] AndroidManifest.xml:27:17-75
138-->[com.google.android.gms:play-services-appinvite:9.4.0] AndroidManifest.xml:27:27-73
139            </intent-filter>
140        </activity>
141        <activity
141-->[com.google.android.gms:play-services-auth:9.4.0] AndroidManifest.xml:21:9-24:46
142            android:name="com.google.android.gms.auth.api.signin.internal.SignInHubActivity"
142-->[com.google.android.gms:play-services-auth:9.4.0] AndroidManifest.xml:21:19-68
143            android:excludeFromRecents="true"
143-->[com.google.android.gms:play-services-auth:9.4.0] AndroidManifest.xml:23:19-52
144            android:exported="false"
144-->[com.google.android.gms:play-services-auth:9.4.0] AndroidManifest.xml:24:19-43
145            android:theme="@android:style/Theme.Translucent.NoTitleBar" />
145-->[com.google.android.gms:play-services-auth:9.4.0] AndroidManifest.xml:22:19-78
146        <!--
147Service handling Google Sign-In user revocation. For apps that do not integrate with
148            Google Sign-In, this service will never be started.
149        -->
150        <service
150-->[com.google.android.gms:play-services-auth:9.4.0] AndroidManifest.xml:28:9-31:110
151            android:name="com.google.android.gms.auth.api.signin.RevocationBoundService"
151-->[com.google.android.gms:play-services-auth:9.4.0] AndroidManifest.xml:29:13-58
152            android:exported="true"
152-->[com.google.android.gms:play-services-auth:9.4.0] AndroidManifest.xml:30:13-36
153            android:permission="com.google.android.gms.auth.api.signin.permission.REVOCATION_NOTIFICATION" />
153-->[com.google.android.gms:play-services-auth:9.4.0] AndroidManifest.xml:31:13-107
154        <service
154-->[com.google.firebase:firebase-crash:9.4.0] AndroidManifest.xml:26:9-27:50
155            android:name="com.google.firebase.crash.internal.service.FirebaseCrashReceiverService"
155-->[com.google.firebase:firebase-crash:9.4.0] AndroidManifest.xml:26:18-79
156            android:process=":background_crash" />
156-->[com.google.firebase:firebase-crash:9.4.0] AndroidManifest.xml:27:13-48
157        <service
157-->[com.google.firebase:firebase-crash:9.4.0] AndroidManifest.xml:29:9-30:50
158            android:name="com.google.firebase.crash.internal.service.FirebaseCrashSenderService"
158-->[com.google.firebase:firebase-crash:9.4.0] AndroidManifest.xml:29:18-77
159            android:process=":background_crash" />
159-->[com.google.firebase:firebase-crash:9.4.0] AndroidManifest.xml:30:13-48
160
161        <activity
161-->[com.google.android.gms:play-services-base:9.4.0] AndroidManifest.xml:20:9-22:45
162            android:name="com.google.android.gms.common.api.GoogleApiActivity"
162-->[com.google.android.gms:play-services-base:9.4.0] AndroidManifest.xml:20:19-85
163            android:exported="false"
163-->[com.google.android.gms:play-services-base:9.4.0] AndroidManifest.xml:22:19-43
164            android:theme="@android:style/Theme.Translucent.NoTitleBar" />
164-->[com.google.android.gms:play-services-base:9.4.0] AndroidManifest.xml:21:19-78
165        <!--
166 FirebaseMessagingService performs security checks at runtime,
167             no need for explicit permissions despite exported="true"
168        -->
169        <service
169-->[com.google.firebase:firebase-messaging:9.4.0] AndroidManifest.xml:24:9-30:19
170            android:name="com.google.firebase.messaging.FirebaseMessagingService"
170-->[com.google.firebase:firebase-messaging:9.4.0] AndroidManifest.xml:25:13-82
171            android:exported="true" >
171-->[com.google.firebase:firebase-messaging:9.4.0] AndroidManifest.xml:26:13-36
172            <intent-filter android:priority="-500" >
172-->[com.google.firebase:firebase-messaging:9.4.0] AndroidManifest.xml:27:13-29:29
172-->[com.google.firebase:firebase-messaging:9.4.0] AndroidManifest.xml:27:28-51
173                <action android:name="com.google.firebase.MESSAGING_EVENT" />
173-->[com.google.firebase:firebase-messaging:9.4.0] AndroidManifest.xml:28:17-78
173-->[com.google.firebase:firebase-messaging:9.4.0] AndroidManifest.xml:28:25-75
174            </intent-filter>
175        </service>
176        <service
176-->[com.google.android.gms:play-services-tagmanager-api:9.4.0] AndroidManifest.xml:25:9-27:42
177            android:name="com.google.android.gms.tagmanager.TagManagerService"
177-->[com.google.android.gms:play-services-tagmanager-api:9.4.0] AndroidManifest.xml:25:18-84
178            android:enabled="true"
178-->[com.google.android.gms:play-services-tagmanager-api:9.4.0] AndroidManifest.xml:27:17-39
179            android:exported="false" />
179-->[com.google.android.gms:play-services-tagmanager-api:9.4.0] AndroidManifest.xml:26:17-41
180
181        <activity
181-->[com.google.android.gms:play-services-tagmanager-api:9.4.0] AndroidManifest.xml:28:9-37:20
182            android:name="com.google.android.gms.tagmanager.TagManagerPreviewActivity"
182-->[com.google.android.gms:play-services-tagmanager-api:9.4.0] AndroidManifest.xml:29:13-87
183            android:noHistory="true" > <!-- optional, removes the previewActivity from the activity stack. -->
183-->[com.google.android.gms:play-services-tagmanager-api:9.4.0] AndroidManifest.xml:30:13-37
184            <intent-filter>
184-->[com.google.android.gms:play-services-tagmanager-api:9.4.0] AndroidManifest.xml:31:13-36:29
185                <data android:scheme="tagmanager.c.com.parse.starter" />
185-->[com.google.android.gms:play-services-tagmanager-api:9.4.0] AndroidManifest.xml:32:17-72
185-->[com.google.android.gms:play-services-tagmanager-api:9.4.0] AndroidManifest.xml:32:23-69
186
187                <action android:name="android.intent.action.VIEW" />
187-->[com.google.android.gms:play-services-tagmanager-api:9.4.0] AndroidManifest.xml:33:17-69
187-->[com.google.android.gms:play-services-tagmanager-api:9.4.0] AndroidManifest.xml:33:25-66
188
189                <category android:name="android.intent.category.DEFAULT" />
189-->[com.google.android.gms:play-services-appinvite:9.4.0] AndroidManifest.xml:27:17-75
189-->[com.google.android.gms:play-services-appinvite:9.4.0] AndroidManifest.xml:27:27-73
190                <category android:name="android.intent.category.BROWSABLE" />
190-->[com.google.android.gms:play-services-tagmanager-api:9.4.0] AndroidManifest.xml:35:17-77
190-->[com.google.android.gms:play-services-tagmanager-api:9.4.0] AndroidManifest.xml:35:27-75
191            </intent-filter>
192        </activity>
193
194        <receiver
194-->[com.google.firebase:firebase-analytics:9.4.0] AndroidManifest.xml:28:7-34:18
195            android:name="com.google.android.gms.measurement.AppMeasurementReceiver"
195-->[com.google.firebase:firebase-analytics:9.4.0] AndroidManifest.xml:29:11-83
196            android:enabled="true" >
196-->[com.google.firebase:firebase-analytics:9.4.0] AndroidManifest.xml:30:11-33
197            <intent-filter>
197-->[com.google.firebase:firebase-analytics:9.4.0] AndroidManifest.xml:31:9-33:25
198                <action android:name="com.google.android.gms.measurement.UPLOAD" />
198-->[com.google.firebase:firebase-analytics:9.4.0] AndroidManifest.xml:32:11-77
198-->[com.google.firebase:firebase-analytics:9.4.0] AndroidManifest.xml:32:19-75
199            </intent-filter>
200        </receiver>
201
202        <service
202-->[com.google.firebase:firebase-analytics:9.4.0] AndroidManifest.xml:36:7-39:37
203            android:name="com.google.android.gms.measurement.AppMeasurementService"
203-->[com.google.firebase:firebase-analytics:9.4.0] AndroidManifest.xml:37:11-82
204            android:enabled="true"
204-->[com.google.firebase:firebase-analytics:9.4.0] AndroidManifest.xml:38:11-33
205            android:exported="false" />
205-->[com.google.firebase:firebase-analytics:9.4.0] AndroidManifest.xml:39:11-35
206
207        <receiver
207-->[com.google.firebase:firebase-iid:9.4.0] AndroidManifest.xml:32:9-41:20
208            android:name="com.google.firebase.iid.FirebaseInstanceIdReceiver"
208-->[com.google.firebase:firebase-iid:9.4.0] AndroidManifest.xml:33:13-78
209            android:exported="true"
209-->[com.google.firebase:firebase-iid:9.4.0] AndroidManifest.xml:34:13-36
210            android:permission="com.google.android.c2dm.permission.SEND" >
210-->[com.google.firebase:firebase-iid:9.4.0] AndroidManifest.xml:35:13-73
211            <intent-filter>
211-->[com.google.firebase:firebase-iid:9.4.0] AndroidManifest.xml:36:13-40:29
212                <action android:name="com.google.android.c2dm.intent.RECEIVE" />
212-->[com.google.firebase:firebase-iid:9.4.0] AndroidManifest.xml:37:17-81
212-->[com.google.firebase:firebase-iid:9.4.0] AndroidManifest.xml:37:25-78
213                <action android:name="com.google.android.c2dm.intent.REGISTRATION" />
213-->[com.google.firebase:firebase-iid:9.4.0] AndroidManifest.xml:38:17-86
213-->[com.google.firebase:firebase-iid:9.4.0] AndroidManifest.xml:38:25-83
214
215                <category android:name="com.parse.starter" />
215-->[com.google.firebase:firebase-iid:9.4.0] AndroidManifest.xml:39:17-61
215-->[com.google.firebase:firebase-iid:9.4.0] AndroidManifest.xml:39:27-58
216            </intent-filter>
217        </receiver>
218        <!--
219 Internal (not exported) receiver used by the app to start its own exported services
220             without risk of being spoofed.
221        -->
222        <receiver
222-->[com.google.firebase:firebase-iid:9.4.0] AndroidManifest.xml:45:9-47:40
223            android:name="com.google.firebase.iid.FirebaseInstanceIdInternalReceiver"
223-->[com.google.firebase:firebase-iid:9.4.0] AndroidManifest.xml:46:13-86
224            android:exported="false" />
224-->[com.google.firebase:firebase-iid:9.4.0] AndroidManifest.xml:47:13-37
225        <!--
226 FirebaseInstanceIdService performs security checks at runtime,
227             no need for explicit permissions despite exported="true"
228        -->
229        <service
229-->[com.google.firebase:firebase-iid:9.4.0] AndroidManifest.xml:51:9-57:19
230            android:name="com.google.firebase.iid.FirebaseInstanceIdService"
230-->[com.google.firebase:firebase-iid:9.4.0] AndroidManifest.xml:52:13-77
231            android:exported="true" >
231-->[com.google.firebase:firebase-iid:9.4.0] AndroidManifest.xml:53:13-36
232            <intent-filter android:priority="-500" >
232-->[com.google.firebase:firebase-iid:9.4.0] AndroidManifest.xml:54:13-56:29
232-->[com.google.firebase:firebase-iid:9.4.0] AndroidManifest.xml:54:28-51
233                <action android:name="com.google.firebase.INSTANCE_ID_EVENT" />
233-->[com.google.firebase:firebase-iid:9.4.0] AndroidManifest.xml:55:17-80
233-->[com.google.firebase:firebase-iid:9.4.0] AndroidManifest.xml:55:25-77
234            </intent-filter>
235        </service>
236
237        <provider
237-->[com.google.firebase:firebase-common:9.4.0] AndroidManifest.xml:7:9-11:39
238            android:name="com.google.firebase.provider.FirebaseInitProvider"
238-->[com.google.firebase:firebase-common:9.4.0] AndroidManifest.xml:9:13-58
239            android:authorities="com.parse.starter.firebaseinitprovider"
239-->[com.google.firebase:firebase-common:9.4.0] AndroidManifest.xml:8:13-72
240            android:exported="false"
240-->[com.google.firebase:firebase-common:9.4.0] AndroidManifest.xml:10:13-37
241            android:initOrder="100" />
241-->[com.google.firebase:firebase-common:9.4.0] AndroidManifest.xml:11:13-36
242
243        <meta-data
243-->[com.google.android.gms:play-services-basement:9.4.0] AndroidManifest.xml:21:9-23:69
244            android:name="com.google.android.gms.version"
244-->[com.google.android.gms:play-services-basement:9.4.0] AndroidManifest.xml:22:13-58
245            android:value="@integer/google_play_services_version" />
245-->[com.google.android.gms:play-services-basement:9.4.0] AndroidManifest.xml:23:13-66
246    </application>
247
248</manifest>